[2023-04-25 23:11:21,106] Register 01 - Empty Data - Step 01: Click to register link from HomePage
[2023-04-25 23:11:22,266] Register 01 - Empty Data - Step 02: Click to register button with out any action
[2023-04-25 23:11:22,540] Register 01 - Empty Data - Step 03: Verify Error Message is displayed at First Name Textbox
[2023-04-25 23:11:22,581] Register 01 - Empty Data - Step 04: Verify Error Message is displayed at Last Name Textbox
[2023-04-25 23:11:22,608] Register 01 - Empty Data - Step 05: Verify Error Message is displayed at Email Textbox
[2023-04-25 23:11:22,638] Register 01 - Empty Data - Step 06: Verify Error Message is displayed at Password Textbox
[2023-04-25 23:11:22,667] Register 01 - Empty Data - Step 07: Verify Error Message is displayed at Confirm Password Textbox
[2023-04-25 23:11:22,695] Register 02 - Email Not Valid - Step 01: Click to register link from HomePage
[2023-04-25 23:11:23,095] Register 02 - Email Not Valid - Step 02: Input 'Automation' to first name textbox
[2023-04-25 23:11:23,150] Register 02 - Email Not Valid - Step 03: Input 'Testing' to last name textbox
[2023-04-25 23:11:23,198] Register 02 - Email Not Valid - Step 04: Input 'randdddd678@yu.67#!' to email textbox
[2023-04-25 23:11:23,244] Register 02 - Email Not Valid - Step 05: Input '123456' to password textbox
[2023-04-25 23:11:23,289] Register 02 - Email Not Valid - Step 06: Input '123456' to confirm password textbox
[2023-04-25 23:11:23,333] Register 02 - Email Not Valid - Step 07: Click to register button
[2023-04-25 23:11:23,582] Register 02 - Email Not Valid - Step 08: Verify error message display at Email textbox
[2023-04-25 23:11:23,611] Register 03 - Register Successful - Step 01: Click to register link from HomePage
[2023-04-25 23:11:23,992] Register 03 - Register Successful - Step 02: Input 'Automation' to first name textbox
[2023-04-25 23:11:24,059] Register 03 - Register Successful - Step 03: Input 'Testing' to last name textbox
[2023-04-25 23:11:24,108] Register 03 - Register Successful - Step 04: Input 'automationTest8627@gmail.com' to email textbox
[2023-04-25 23:11:24,154] Register 03 - Register Successful - Step 05: Input '123456' to password textbox
[2023-04-25 23:11:24,199] Register 03 - Register Successful - Step 06: Input '123456' to confirm password textbox
[2023-04-25 23:11:24,240] Register 03 - Register Successful - Step 07: Click to register button
[2023-04-25 23:11:24,933] Register 03 - Register Successful - Step 08: Verify successful message displayed
[2023-04-25 23:11:24,981] Register 04 - Email already exits - Step 01: Click to register link from HomePage
[2023-04-25 23:11:25,351] Register 04 - Email already exits - Step 02: Input 'Automation' to first name textbox
[2023-04-25 23:11:25,413] Register 04 - Email already exits - Step 03: Input 'Testing' to last name textbox
[2023-04-25 23:11:25,457] Register 04 - Email already exits - Step 04: Input 'automationTest8627@gmail.com' to email textbox
[2023-04-25 23:11:25,501] Register 04 - Email already exits - Step 05: Input '123456' to password textbox
[2023-04-25 23:11:25,540] Register 04 - Email already exits - Step 06: Input '123456' to confirm password textbox
[2023-04-25 23:11:25,580] Register 04 - Email already exits - Step 07: Click to register button
[2023-04-25 23:11:25,952] Register 04 - Email already exits - Step 08: Verify email error message displayed
[2023-04-25 23:11:26,010] Register 05 - Password less than 6 chars - Step 01: Click to register link from HomePage
[2023-04-25 23:11:26,387] Register 05 - Password less than 6 chars - Step 02: Input 'Automation' to first name textbox
[2023-04-25 23:11:26,446] Register 05 - Password less than 6 chars - Step 03: Input 'Testing' to last name textbox
[2023-04-25 23:11:26,488] Register 05 - Password less than 6 chars - Step 04: Input 'automationTest8627@gmail.com' to email textbox
[2023-04-25 23:11:26,540] Register 05 - Password less than 6 chars - Step 05: Input '123' to password textbox
[2023-04-25 23:11:26,584] Register 05 - Password less than 6 chars - Step 06: Input '123' to confirm password textbox
[2023-04-25 23:11:26,623] Register 05 - Password less than 6 chars - Step 07: Click to register button
[2023-04-25 23:11:26,872] Register 05 - Password less than 6 chars - Step 08: Verify error message displayed at password textbox
[2023-04-25 23:11:26,902] Register 06 - Password confirmation does not match - Step 01: Click to register link from HomePage
[2023-04-25 23:11:27,266] Register 06 - Password confirmation does not match - Step 02: Input 'Automation' to first name textbox
[2023-04-25 23:11:27,327] Register 06 - Password confirmation does not match - Step 03: Input 'Testing' to last name textbox
[2023-04-25 23:11:27,373] Register 06 - Password confirmation does not match - Step 04: Input 'automationTest8627@gmail.com' to email textbox
[2023-04-25 23:11:27,426] Register 06 - Password confirmation does not match - Step 05: Input '123456' to password textbox
[2023-04-25 23:11:27,466] Register 06 - Password confirmation does not match - Step 06: Input '123' to confirm password textbox
[2023-04-25 23:11:27,503] Register 06 - Password confirmation does not match - Step 07: Click to register button
[2023-04-25 23:11:28,232] Register 06 - Password confirmation does not match - Step 08: Verify error message displayed at confirm password textbox
[2023-04-25 23:39:37,283] Register 01 - Empty Data - Step 01: Click to register link from HomePage
[2023-04-25 23:39:37,758] Register 01 - Empty Data - Step 02: Click to register button with out any action
[2023-04-25 23:39:38,031] Register 01 - Empty Data - Step 03: Verify Error Message is displayed at First Name Textbox
[2023-04-25 23:39:38,062]  -------------------------- PASSED -------------------------- 
[2023-04-25 23:39:38,062] Register 01 - Empty Data - Step 04: Verify Error Message is displayed at Last Name Textbox
[2023-04-25 23:39:38,092]  -------------------------- PASSED -------------------------- 
[2023-04-25 23:39:38,092] Register 01 - Empty Data - Step 05: Verify Error Message is displayed at Email Textbox
[2023-04-25 23:39:38,121]  -------------------------- PASSED -------------------------- 
[2023-04-25 23:39:38,121] Register 01 - Empty Data - Step 06: Verify Error Message is displayed at Password Textbox
[2023-04-25 23:39:38,148]  -------------------------- PASSED -------------------------- 
[2023-04-25 23:39:38,149] Register 01 - Empty Data - Step 07: Verify Error Message is displayed at Confirm Password Textbox
[2023-04-25 23:39:38,181]  -------------------------- PASSED -------------------------- 
[2023-04-25 23:39:38,184] Register 02 - Email Not Valid - Step 01: Click to register link from HomePage
[2023-04-25 23:39:38,558] Register 02 - Email Not Valid - Step 02: Input 'Automation' to first name textbox
[2023-04-25 23:39:38,626] Register 02 - Email Not Valid - Step 03: Input 'Testing' to last name textbox
[2023-04-25 23:39:38,680] Register 02 - Email Not Valid - Step 04: Input 'randdddd678@yu.67#!' to email textbox
[2023-04-25 23:39:38,728] Register 02 - Email Not Valid - Step 05: Input '123456' to password textbox
[2023-04-25 23:39:38,774] Register 02 - Email Not Valid - Step 06: Input '123456' to confirm password textbox
[2023-04-25 23:39:38,820] Register 02 - Email Not Valid - Step 07: Click to register button
[2023-04-25 23:39:39,071] Register 02 - Email Not Valid - Step 08: Verify error message display at Email textbox
[2023-04-25 23:39:39,098]  -------------------------- PASSED -------------------------- 
[2023-04-25 23:39:39,100] Register 03 - Register Successful - Step 01: Click to register link from HomePage
[2023-04-25 23:39:39,471] Register 03 - Register Successful - Step 02: Input 'Automation' to first name textbox
[2023-04-25 23:39:39,541] Register 03 - Register Successful - Step 03: Input 'Testing' to last name textbox
[2023-04-25 23:39:39,589] Register 03 - Register Successful - Step 04: Input 'automationTest4225@gmail.com' to email textbox
[2023-04-25 23:39:39,646] Register 03 - Register Successful - Step 05: Input '123456' to password textbox
[2023-04-25 23:39:39,689] Register 03 - Register Successful - Step 06: Input '123456' to confirm password textbox
[2023-04-25 23:39:39,734] Register 03 - Register Successful - Step 07: Click to register button
[2023-04-25 23:39:40,437] Register 03 - Register Successful - Step 08: Verify successful message displayed
[2023-04-25 23:39:40,483]  -------------------------- PASSED -------------------------- 
[2023-04-25 23:39:40,485] Register 04 - Email already exits - Step 01: Click to register link from HomePage
[2023-04-25 23:39:40,837] Register 04 - Email already exits - Step 02: Input 'Automation' to first name textbox
[2023-04-25 23:39:40,895] Register 04 - Email already exits - Step 03: Input 'Testing' to last name textbox
[2023-04-25 23:39:40,941] Register 04 - Email already exits - Step 04: Input 'automationTest4225@gmail.com' to email textbox
[2023-04-25 23:39:40,990] Register 04 - Email already exits - Step 05: Input '123456' to password textbox
[2023-04-25 23:39:41,032] Register 04 - Email already exits - Step 06: Input '123456' to confirm password textbox
[2023-04-25 23:39:41,074] Register 04 - Email already exits - Step 07: Click to register button
[2023-04-25 23:39:41,450] Register 04 - Email already exits - Step 08: Verify email error message displayed
[2023-04-25 23:39:41,505]  -------------------------- PASSED -------------------------- 
[2023-04-25 23:39:41,507] Register 05 - Password less than 6 chars - Step 01: Click to register link from HomePage
[2023-04-25 23:39:41,867] Register 05 - Password less than 6 chars - Step 02: Input 'Automation' to first name textbox
[2023-04-25 23:39:41,922] Register 05 - Password less than 6 chars - Step 03: Input 'Testing' to last name textbox
[2023-04-25 23:39:41,966] Register 05 - Password less than 6 chars - Step 04: Input 'automationTest4225@gmail.com' to email textbox
[2023-04-25 23:39:42,011] Register 05 - Password less than 6 chars - Step 05: Input '123' to password textbox
[2023-04-25 23:39:42,052] Register 05 - Password less than 6 chars - Step 06: Input '123' to confirm password textbox
[2023-04-25 23:39:42,093] Register 05 - Password less than 6 chars - Step 07: Click to register button
[2023-04-25 23:39:42,342] Register 05 - Password less than 6 chars - Step 08: Verify error message displayed at password textbox
[2023-04-25 23:39:42,385]  -------------------------- PASSED -------------------------- 
[2023-04-25 23:39:42,386] Register 06 - Password confirmation does not match - Step 01: Click to register link from HomePage
[2023-04-25 23:39:42,744] Register 06 - Password confirmation does not match - Step 02: Input 'Automation' to first name textbox
[2023-04-25 23:39:42,808] Register 06 - Password confirmation does not match - Step 03: Input 'Testing' to last name textbox
[2023-04-25 23:39:42,853] Register 06 - Password confirmation does not match - Step 04: Input 'automationTest4225@gmail.com' to email textbox
[2023-04-25 23:39:42,896] Register 06 - Password confirmation does not match - Step 05: Input '123456' to password textbox
[2023-04-25 23:39:42,939] Register 06 - Password confirmation does not match - Step 06: Input '123' to confirm password textbox
[2023-04-25 23:39:42,977] Register 06 - Password confirmation does not match - Step 07: Click to register button
[2023-04-25 23:39:43,706] Register 06 - Password confirmation does not match - Step 08: Verify error message displayed at confirm password textbox
[2023-04-25 23:39:43,731]  -------------------------- PASSED -------------------------- 
[2023-04-27 17:04:15,245] Register 01 - Empty Data - Step 01: Click to register link from HomePage
[2023-04-27 17:04:16,166] Register 01 - Empty Data - Step 02: Click to register button with out any action
[2023-04-27 17:04:16,453] Register 01 - Empty Data - Step 03: Verify Error Message is displayed at First Name Textbox
[2023-04-27 17:04:16,488]  -------------------------- PASSED -------------------------- 
[2023-04-27 17:04:16,488] Register 01 - Empty Data - Step 04: Verify Error Message is displayed at Last Name Textbox
[2023-04-27 17:04:16,520]  -------------------------- PASSED -------------------------- 
[2023-04-27 17:04:16,531] Register 01 - Empty Data - Step 05: Verify Error Message is displayed at Email Textbox
[2023-04-27 17:04:16,576]  -------------------------- PASSED -------------------------- 
[2023-04-27 17:04:16,576] Register 01 - Empty Data - Step 06: Verify Error Message is displayed at Password Textbox
[2023-04-27 17:04:16,606]  -------------------------- PASSED -------------------------- 
[2023-04-27 17:04:16,606] Register 01 - Empty Data - Step 07: Verify Error Message is displayed at Confirm Password Textbox
[2023-04-27 17:04:16,639]  -------------------------- PASSED -------------------------- 
[2023-04-27 17:04:16,643] Register 02 - Email Not Valid - Step 01: Click to register link from HomePage
[2023-04-27 17:04:17,053] Register 02 - Email Not Valid - Step 02: Input 'Automation' to first name textbox
[2023-04-27 17:04:17,133] Register 02 - Email Not Valid - Step 03: Input 'Testing' to last name textbox
[2023-04-27 17:04:17,191] Register 02 - Email Not Valid - Step 04: Input 'randdddd678@yu.67#!' to email textbox
[2023-04-27 17:04:17,246] Register 02 - Email Not Valid - Step 05: Input '123456' to password textbox
[2023-04-27 17:04:17,299] Register 02 - Email Not Valid - Step 06: Input '123456' to confirm password textbox
[2023-04-27 17:04:17,349] Register 02 - Email Not Valid - Step 07: Click to register button
[2023-04-27 17:04:17,605] Register 02 - Email Not Valid - Step 08: Verify error message display at Email textbox
[2023-04-27 17:04:17,635]  -------------------------- FAILED -------------------------- 
[2023-04-27 17:04:17,735] Register 03 - Register Successful - Step 01: Click to register link from HomePage
[2023-04-27 17:04:18,160] Register 03 - Register Successful - Step 02: Input 'Automation' to first name textbox
[2023-04-27 17:04:18,227] Register 03 - Register Successful - Step 03: Input 'Testing' to last name textbox
[2023-04-27 17:04:18,282] Register 03 - Register Successful - Step 04: Input 'automationTest2668@gmail.com' to email textbox
[2023-04-27 17:04:18,339] Register 03 - Register Successful - Step 05: Input '123456' to password textbox
[2023-04-27 17:04:18,392] Register 03 - Register Successful - Step 06: Input '123456' to confirm password textbox
[2023-04-27 17:04:18,453] Register 03 - Register Successful - Step 07: Click to register button
[2023-04-27 17:04:19,202] Register 03 - Register Successful - Step 08: Verify successful message displayed
[2023-04-27 17:04:19,256]  -------------------------- PASSED -------------------------- 
[2023-04-27 17:04:19,258] Register 04 - Email already exits - Step 01: Click to register link from HomePage
[2023-04-27 17:04:19,637] Register 04 - Email already exits - Step 02: Input 'Automation' to first name textbox
[2023-04-27 17:04:19,716] Register 04 - Email already exits - Step 03: Input 'Testing' to last name textbox
[2023-04-27 17:04:19,768] Register 04 - Email already exits - Step 04: Input 'automationTest2668@gmail.com' to email textbox
[2023-04-27 17:04:19,823] Register 04 - Email already exits - Step 05: Input '123456' to password textbox
[2023-04-27 17:04:19,871] Register 04 - Email already exits - Step 06: Input '123456' to confirm password textbox
[2023-04-27 17:04:19,918] Register 04 - Email already exits - Step 07: Click to register button
[2023-04-27 17:04:20,321] Register 04 - Email already exits - Step 08: Verify email error message displayed
[2023-04-27 17:04:20,379]  -------------------------- FAILED -------------------------- 
[2023-04-27 17:04:20,432] Register 05 - Password less than 6 chars - Step 01: Click to register link from HomePage
[2023-04-27 17:04:20,818] Register 05 - Password less than 6 chars - Step 02: Input 'Automation' to first name textbox
[2023-04-27 17:04:20,897] Register 05 - Password less than 6 chars - Step 03: Input 'Testing' to last name textbox
[2023-04-27 17:04:20,949] Register 05 - Password less than 6 chars - Step 04: Input 'automationTest2668@gmail.com' to email textbox
[2023-04-27 17:04:21,002] Register 05 - Password less than 6 chars - Step 05: Input '123' to password textbox
[2023-04-27 17:04:21,049] Register 05 - Password less than 6 chars - Step 06: Input '123' to confirm password textbox
[2023-04-27 17:04:21,101] Register 05 - Password less than 6 chars - Step 07: Click to register button
[2023-04-27 17:04:21,357] Register 05 - Password less than 6 chars - Step 08: Verify error message displayed at password textbox
[2023-04-27 17:04:21,401]  -------------------------- PASSED -------------------------- 
[2023-04-27 17:04:21,402] Register 06 - Password confirmation does not match - Step 01: Click to register link from HomePage
[2023-04-27 17:04:22,988] Register 06 - Password confirmation does not match - Step 02: Input 'Automation' to first name textbox
[2023-04-27 17:04:23,063] Register 06 - Password confirmation does not match - Step 03: Input 'Testing' to last name textbox
[2023-04-27 17:04:23,113] Register 06 - Password confirmation does not match - Step 04: Input 'automationTest2668@gmail.com' to email textbox
[2023-04-27 17:04:23,169] Register 06 - Password confirmation does not match - Step 05: Input '123456' to password textbox
[2023-04-27 17:04:23,216] Register 06 - Password confirmation does not match - Step 06: Input '123' to confirm password textbox
[2023-04-27 17:04:23,266] Register 06 - Password confirmation does not match - Step 07: Click to register button
[2023-04-27 17:04:24,002] Register 06 - Password confirmation does not match - Step 08: Verify error message displayed at confirm password textbox
[2023-04-27 17:04:24,029]  -------------------------- FAILED -------------------------- 
[2023-04-28 16:21:18,334] Register 01 - Empty Data - Step 01: Click to register link from HomePage
[2023-04-28 16:21:18,874] Register 01 - Empty Data - Step 02: Click to register button with out any action
[2023-04-28 16:21:19,161] Register 01 - Empty Data - Step 03: Verify Error Message is displayed at First Name Textbox
[2023-04-28 16:21:19,202]  -------------------------- PASSED -------------------------- 
[2023-04-28 16:21:19,202] Register 01 - Empty Data - Step 04: Verify Error Message is displayed at Last Name Textbox
[2023-04-28 16:21:19,233]  -------------------------- PASSED -------------------------- 
[2023-04-28 16:21:19,233] Register 01 - Empty Data - Step 05: Verify Error Message is displayed at Email Textbox
[2023-04-28 16:21:19,277]  -------------------------- PASSED -------------------------- 
[2023-04-28 16:21:19,278] Register 01 - Empty Data - Step 06: Verify Error Message is displayed at Password Textbox
[2023-04-28 16:21:19,307]  -------------------------- PASSED -------------------------- 
[2023-04-28 16:21:19,308] Register 01 - Empty Data - Step 07: Verify Error Message is displayed at Confirm Password Textbox
[2023-04-28 16:21:19,335]  -------------------------- PASSED -------------------------- 
[2023-04-28 16:21:19,339] Register 02 - Email Not Valid - Step 01: Click to register link from HomePage
[2023-04-28 16:21:19,729] Register 02 - Email Not Valid - Step 02: Input 'Automation' to first name textbox
[2023-04-28 16:21:19,812] Register 02 - Email Not Valid - Step 03: Input 'Testing' to last name textbox
[2023-04-28 16:21:19,868] Register 02 - Email Not Valid - Step 04: Input 'randdddd678@yu.67#!' to email textbox
[2023-04-28 16:21:19,924] Register 02 - Email Not Valid - Step 05: Input '123456' to password textbox
[2023-04-28 16:21:19,978] Register 02 - Email Not Valid - Step 06: Input '123456' to confirm password textbox
[2023-04-28 16:21:20,033] Register 02 - Email Not Valid - Step 07: Click to register button
[2023-04-28 16:21:20,287] Register 02 - Email Not Valid - Step 08: Verify error message display at Email textbox
[2023-04-28 16:21:20,315]  -------------------------- FAILED -------------------------- 
[2023-04-28 16:21:20,318] Register 03 - Register Successful - Step 01: Click to register link from HomePage
[2023-04-28 16:21:20,771] Register 03 - Register Successful - Step 02: Input 'Automation' to first name textbox
[2023-04-28 16:21:20,853] Register 03 - Register Successful - Step 03: Input 'Testing' to last name textbox
[2023-04-28 16:21:20,906] Register 03 - Register Successful - Step 04: Input 'automationTest623@gmail.com' to email textbox
[2023-04-28 16:21:20,970] Register 03 - Register Successful - Step 05: Input '123456' to password textbox
[2023-04-28 16:21:21,023] Register 03 - Register Successful - Step 06: Input '123456' to confirm password textbox
[2023-04-28 16:21:21,073] Register 03 - Register Successful - Step 07: Click to register button
[2023-04-28 16:21:21,779] Register 03 - Register Successful - Step 08: Verify successful message displayed
[2023-04-28 16:21:21,832]  -------------------------- PASSED -------------------------- 
[2023-04-28 16:21:21,835] Register 04 - Email already exits - Step 01: Click to register link from HomePage
[2023-04-28 16:21:27,257] Register 04 - Email already exits - Step 02: Input 'Automation' to first name textbox
[2023-04-28 16:21:27,337] Register 04 - Email already exits - Step 03: Input 'Testing' to last name textbox
[2023-04-28 16:21:27,392] Register 04 - Email already exits - Step 04: Input 'automationTest623@gmail.com' to email textbox
[2023-04-28 16:21:27,449] Register 04 - Email already exits - Step 05: Input '123456' to password textbox
[2023-04-28 16:21:27,496] Register 04 - Email already exits - Step 06: Input '123456' to confirm password textbox
[2023-04-28 16:21:27,544] Register 04 - Email already exits - Step 07: Click to register button
[2023-04-28 16:21:27,933] Register 04 - Email already exits - Step 08: Verify email error message displayed
[2023-04-28 16:21:27,997]  -------------------------- FAILED -------------------------- 
[2023-04-28 16:21:27,999] Register 05 - Password less than 6 chars - Step 01: Click to register link from HomePage
[2023-04-28 16:21:28,372] Register 05 - Password less than 6 chars - Step 02: Input 'Automation' to first name textbox
[2023-04-28 16:21:28,457] Register 05 - Password less than 6 chars - Step 03: Input 'Testing' to last name textbox
[2023-04-28 16:21:28,521] Register 05 - Password less than 6 chars - Step 04: Input 'automationTest623@gmail.com' to email textbox
[2023-04-28 16:21:28,577] Register 05 - Password less than 6 chars - Step 05: Input '123' to password textbox
[2023-04-28 16:21:28,635] Register 05 - Password less than 6 chars - Step 06: Input '123' to confirm password textbox
[2023-04-28 16:21:28,689] Register 05 - Password less than 6 chars - Step 07: Click to register button
[2023-04-28 16:21:28,951] Register 05 - Password less than 6 chars - Step 08: Verify error message displayed at password textbox
[2023-04-28 16:21:28,984]  -------------------------- PASSED -------------------------- 
[2023-04-28 16:21:28,985] Register 06 - Password confirmation does not match - Step 01: Click to register link from HomePage
[2023-04-28 16:21:29,355] Register 06 - Password confirmation does not match - Step 02: Input 'Automation' to first name textbox
[2023-04-28 16:21:29,433] Register 06 - Password confirmation does not match - Step 03: Input 'Testing' to last name textbox
[2023-04-28 16:21:29,482] Register 06 - Password confirmation does not match - Step 04: Input 'automationTest623@gmail.com' to email textbox
[2023-04-28 16:21:29,540] Register 06 - Password confirmation does not match - Step 05: Input '123456' to password textbox
[2023-04-28 16:21:29,587] Register 06 - Password confirmation does not match - Step 06: Input '123' to confirm password textbox
[2023-04-28 16:21:29,637] Register 06 - Password confirmation does not match - Step 07: Click to register button
[2023-04-28 16:21:30,372] Register 06 - Password confirmation does not match - Step 08: Verify error message displayed at confirm password textbox
[2023-04-28 16:21:30,399]  -------------------------- FAILED -------------------------- 
[2023-04-28 17:55:57,389]  -------------------------- PASSED -------------------------- 
[2023-04-28 17:55:57,433]  -------------------------- PASSED -------------------------- 
[2023-04-28 17:55:57,462]  -------------------------- PASSED -------------------------- 
[2023-04-28 17:55:57,490]  -------------------------- PASSED -------------------------- 
[2023-04-28 17:55:57,517]  -------------------------- PASSED -------------------------- 
[2023-04-28 17:55:58,440]  -------------------------- FAILED -------------------------- 
[2023-04-28 17:55:59,836]  -------------------------- PASSED -------------------------- 
[2023-04-28 17:56:00,873]  -------------------------- FAILED -------------------------- 
[2023-04-28 17:56:01,782]  -------------------------- PASSED -------------------------- 
[2023-04-28 17:56:03,116]  -------------------------- FAILED -------------------------- 
[2023-04-29 15:38:36,407]  -------------------------- PASSED -------------------------- 
[2023-04-29 15:38:36,467]  -------------------------- PASSED -------------------------- 
[2023-04-29 15:38:36,500]  -------------------------- PASSED -------------------------- 
[2023-04-29 15:38:36,528]  -------------------------- PASSED -------------------------- 
[2023-04-29 15:38:36,557]  -------------------------- PASSED -------------------------- 
[2023-04-29 15:38:37,521]  -------------------------- FAILED -------------------------- 
[2023-04-29 15:38:38,901]  -------------------------- PASSED -------------------------- 
[2023-04-29 15:38:39,928]  -------------------------- FAILED -------------------------- 
[2023-04-29 15:38:40,838]  -------------------------- PASSED -------------------------- 
[2023-04-29 15:38:42,190]  -------------------------- FAILED -------------------------- 
[2023-04-29 15:45:50,508]  -------------------------- PASSED -------------------------- 
[2023-04-29 15:45:50,542]  -------------------------- PASSED -------------------------- 
[2023-04-29 15:45:50,582]  -------------------------- PASSED -------------------------- 
[2023-04-29 15:45:50,616]  -------------------------- PASSED -------------------------- 
[2023-04-29 15:45:50,647]  -------------------------- PASSED -------------------------- 
[2023-04-29 15:45:51,658]  -------------------------- FAILED -------------------------- 
[2023-04-29 15:45:53,158]  -------------------------- PASSED -------------------------- 
[2023-04-29 15:45:54,299]  -------------------------- FAILED -------------------------- 
[2023-04-29 15:45:55,284]  -------------------------- PASSED -------------------------- 
[2023-04-29 15:45:56,738]  -------------------------- FAILED -------------------------- 
[2023-04-29 15:52:16,050]  -------------------------- PASSED -------------------------- 
[2023-04-29 15:52:16,085]  -------------------------- PASSED -------------------------- 
[2023-04-29 15:52:16,110]  -------------------------- PASSED -------------------------- 
[2023-04-29 15:52:16,138]  -------------------------- PASSED -------------------------- 
[2023-04-29 15:52:16,166]  -------------------------- PASSED -------------------------- 
[2023-04-29 15:52:17,075]  -------------------------- FAILED -------------------------- 
[2023-04-29 15:52:18,441]  -------------------------- PASSED -------------------------- 
[2023-04-29 15:52:19,445]  -------------------------- FAILED -------------------------- 
[2023-04-29 15:52:20,339]  -------------------------- PASSED -------------------------- 
[2023-04-29 15:52:21,676]  -------------------------- FAILED -------------------------- 
[2023-04-29 17:29:54,584]  -------------------------- PASSED -------------------------- 
[2023-04-29 17:29:54,642]  -------------------------- PASSED -------------------------- 
[2023-04-29 17:29:54,679]  -------------------------- PASSED -------------------------- 
[2023-04-29 17:29:54,706]  -------------------------- PASSED -------------------------- 
[2023-04-29 17:29:54,732]  -------------------------- PASSED -------------------------- 
[2023-04-29 17:29:55,644]  -------------------------- FAILED -------------------------- 
[2023-04-29 17:29:56,985]  -------------------------- PASSED -------------------------- 
[2023-04-29 17:29:58,020]  -------------------------- FAILED -------------------------- 
[2023-04-29 17:29:58,889]  -------------------------- PASSED -------------------------- 
[2023-04-29 17:30:00,243]  -------------------------- FAILED -------------------------- 
[2023-04-29 17:54:21,779]  -------------------------- PASSED -------------------------- 
[2023-04-29 17:54:21,811]  -------------------------- PASSED -------------------------- 
[2023-04-29 17:54:21,842]  -------------------------- PASSED -------------------------- 
[2023-04-29 17:54:21,874]  -------------------------- PASSED -------------------------- 
[2023-04-29 17:54:21,906]  -------------------------- PASSED -------------------------- 
[2023-04-29 17:54:22,910]  -------------------------- FAILED -------------------------- 
[2023-04-29 17:54:24,360]  -------------------------- PASSED -------------------------- 
[2023-04-29 17:54:25,481]  -------------------------- FAILED -------------------------- 
[2023-04-29 17:54:26,467]  -------------------------- PASSED -------------------------- 
[2023-04-29 17:54:27,881]  -------------------------- FAILED -------------------------- 
[2023-05-03 00:49:52,103]  -------------------------- PASSED -------------------------- 
[2023-05-03 00:49:52,173]  -------------------------- PASSED -------------------------- 
[2023-05-03 00:49:52,207]  -------------------------- PASSED -------------------------- 
[2023-05-03 00:49:52,239]  -------------------------- PASSED -------------------------- 
[2023-05-03 00:49:52,269]  -------------------------- PASSED -------------------------- 
[2023-05-03 00:49:53,333]  -------------------------- FAILED -------------------------- 
[2023-05-03 00:49:54,823]  -------------------------- PASSED -------------------------- 
[2023-05-03 00:49:55,954]  -------------------------- FAILED -------------------------- 
[2023-05-03 00:49:56,941]  -------------------------- PASSED -------------------------- 
[2023-05-03 00:49:58,395]  -------------------------- FAILED -------------------------- 
[2023-05-03 01:11:35,612]  -------------------------- PASSED -------------------------- 
[2023-05-03 01:11:35,638]  -------------------------- PASSED -------------------------- 
[2023-05-03 01:11:35,666]  -------------------------- PASSED -------------------------- 
[2023-05-03 01:11:35,701]  -------------------------- PASSED -------------------------- 
[2023-05-03 01:11:35,729]  -------------------------- PASSED -------------------------- 
[2023-05-03 01:11:36,774]  -------------------------- FAILED -------------------------- 
[2023-05-03 01:11:38,156]  -------------------------- PASSED -------------------------- 
[2023-05-03 01:11:39,147]  -------------------------- FAILED -------------------------- 
[2023-05-03 01:11:40,045]  -------------------------- PASSED -------------------------- 
[2023-05-03 01:11:41,387]  -------------------------- FAILED -------------------------- 
[2023-05-08 15:07:30,848]  -------------------------- PASSED -------------------------- 
[2023-05-08 15:07:30,903]  -------------------------- PASSED -------------------------- 
[2023-05-08 15:07:30,933]  -------------------------- PASSED -------------------------- 
[2023-05-08 15:07:30,962]  -------------------------- PASSED -------------------------- 
[2023-05-08 15:07:30,992]  -------------------------- PASSED -------------------------- 
[2023-05-08 15:07:31,967]  -------------------------- FAILED -------------------------- 
[2023-05-08 15:10:10,786]  -------------------------- PASSED -------------------------- 
[2023-05-08 15:10:10,813]  -------------------------- PASSED -------------------------- 
[2023-05-08 15:10:10,840]  -------------------------- PASSED -------------------------- 
[2023-05-08 15:10:10,868]  -------------------------- PASSED -------------------------- 
[2023-05-08 15:10:10,894]  -------------------------- PASSED -------------------------- 
[2023-05-08 15:10:11,836]  -------------------------- FAILED -------------------------- 
[2023-05-08 15:10:13,184]  -------------------------- PASSED -------------------------- 
[2023-05-08 15:10:14,194]  -------------------------- FAILED -------------------------- 
[2023-05-08 15:10:15,134]  -------------------------- PASSED -------------------------- 
[2023-05-08 15:10:15,991] OS name = Windows 10
[2023-05-08 15:10:15,991] Driver instance name = firefoxdriver: firefox on windows (61a80798-02c1-4065-8d57-c8c3546f61f8)
[2023-05-08 15:10:15,995] Tried to run command without establishing a connection
Build info: version: '3.141.59', revision: 'e82be7d358', time: '2018-11-14T08:25:53'
System info: host: 'DESKTOP-KJ9K7OV', ip: '192.168.1.128', os.name: 'Windows 10', os.arch: 'amd64', os.version: '10.0', java.version: '11.0.14'
Driver info: org.openqa.selenium.firefox.FirefoxDriver
Capabilities {acceptInsecureCerts: true, browserName: firefox, browserVersion: 112.0.1, javascriptEnabled: true, moz:accessibilityChecks: false, moz:buildID: 20230414125621, moz:geckodriverVersion: 0.33.0, moz:headless: false, moz:platformVersion: 10.0, moz:processID: 1304, moz:profile: C:\Users\ASUS\AppData\Local..., moz:shutdownTimeout: 60000, moz:useNonSpecCompliantPointerOrigin: false, moz:webdriverClick: true, moz:windowless: false, pageLoadStrategy: normal, platform: WINDOWS, platformName: WINDOWS, proxy: Proxy(), setWindowRect: true, strictFileInteractability: false, timeouts: {implicit: 0, pageLoad: 300000, script: 30000}, unhandledPromptBehavior: dismiss and notify}
Session ID: 61a80798-02c1-4065-8d57-c8c3546f61f8
[2023-05-08 15:43:59,429]  -------------------------- PASSED -------------------------- 
[2023-05-08 15:43:59,456]  -------------------------- PASSED -------------------------- 
[2023-05-08 15:43:59,486]  -------------------------- PASSED -------------------------- 
[2023-05-08 15:43:59,514]  -------------------------- PASSED -------------------------- 
[2023-05-08 15:43:59,544]  -------------------------- PASSED -------------------------- 
[2023-05-08 15:44:00,492]  -------------------------- FAILED -------------------------- 
[2023-05-08 15:44:01,822]  -------------------------- PASSED -------------------------- 
[2023-05-08 15:50:49,777]  -------------------------- PASSED -------------------------- 
[2023-05-08 15:50:49,807]  -------------------------- PASSED -------------------------- 
[2023-05-08 15:50:49,835]  -------------------------- PASSED -------------------------- 
[2023-05-08 15:50:49,866]  -------------------------- PASSED -------------------------- 
[2023-05-08 15:50:49,901]  -------------------------- PASSED -------------------------- 
[2023-05-08 15:50:50,854]  -------------------------- PASSED -------------------------- 
[2023-05-08 15:50:52,185]  -------------------------- PASSED -------------------------- 
[2023-05-09 17:21:40,760]  -------------------------- PASSED -------------------------- 
[2023-05-09 17:21:40,813]  -------------------------- PASSED -------------------------- 
[2023-05-09 17:21:40,840]  -------------------------- PASSED -------------------------- 
[2023-05-09 17:21:40,867]  -------------------------- PASSED -------------------------- 
[2023-05-09 17:21:40,894]  -------------------------- PASSED -------------------------- 
[2023-05-09 17:21:41,860]  -------------------------- PASSED -------------------------- 
[2023-05-09 17:21:43,451] OS name = Windows 10
[2023-05-09 17:21:43,451] Driver instance name = firefoxdriver: firefox on windows (64394343-f2b1-4e6f-9bd7-409aa6450364)
[2023-05-09 17:21:43,455] Tried to run command without establishing a connection
Build info: version: '3.141.59', revision: 'e82be7d358', time: '2018-11-14T08:25:53'
System info: host: 'DESKTOP-KJ9K7OV', ip: '192.168.1.177', os.name: 'Windows 10', os.arch: 'amd64', os.version: '10.0', java.version: '11.0.14'
Driver info: org.openqa.selenium.firefox.FirefoxDriver
Capabilities {acceptInsecureCerts: true, browserName: firefox, browserVersion: 112.0.1, javascriptEnabled: true, moz:accessibilityChecks: false, moz:buildID: 20230414125621, moz:geckodriverVersion: 0.33.0, moz:headless: false, moz:platformVersion: 10.0, moz:processID: 380, moz:profile: C:\Users\ASUS\AppData\Local..., moz:shutdownTimeout: 60000, moz:useNonSpecCompliantPointerOrigin: false, moz:webdriverClick: true, moz:windowless: false, pageLoadStrategy: normal, platform: WINDOWS, platformName: WINDOWS, proxy: Proxy(), setWindowRect: true, strictFileInteractability: false, timeouts: {implicit: 0, pageLoad: 300000, script: 30000}, unhandledPromptBehavior: dismiss and notify}
Session ID: 64394343-f2b1-4e6f-9bd7-409aa6450364
[2023-05-10 13:27:18,140]  -------------------------- PASSED -------------------------- 
[2023-05-10 13:27:18,182]  -------------------------- PASSED -------------------------- 
[2023-05-10 13:27:18,213]  -------------------------- PASSED -------------------------- 
[2023-05-10 13:27:18,241]  -------------------------- PASSED -------------------------- 
[2023-05-10 13:27:18,270]  -------------------------- PASSED -------------------------- 
[2023-05-10 13:27:19,331]  -------------------------- PASSED -------------------------- 
[2023-05-10 13:27:20,708] OS name = Windows 10
[2023-05-10 13:27:20,708] Driver instance name = firefoxdriver: firefox on windows (366d1577-7dc4-4cbd-bcb0-70f4dae96da1)
[2023-05-10 13:27:20,712] Tried to run command without establishing a connection
Build info: version: '3.141.59', revision: 'e82be7d358', time: '2018-11-14T08:25:53'
System info: host: 'DESKTOP-KJ9K7OV', ip: '172.21.2.14', os.name: 'Windows 10', os.arch: 'amd64', os.version: '10.0', java.version: '11.0.14'
Driver info: org.openqa.selenium.firefox.FirefoxDriver
Capabilities {acceptInsecureCerts: true, browserName: firefox, browserVersion: 112.0.1, javascriptEnabled: true, moz:accessibilityChecks: false, moz:buildID: 20230414125621, moz:geckodriverVersion: 0.33.0, moz:headless: false, moz:platformVersion: 10.0, moz:processID: 14632, moz:profile: C:\Users\ASUS\AppData\Local..., moz:shutdownTimeout: 60000, moz:useNonSpecCompliantPointerOrigin: false, moz:webdriverClick: true, moz:windowless: false, pageLoadStrategy: normal, platform: WINDOWS, platformName: WINDOWS, proxy: Proxy(), setWindowRect: true, strictFileInteractability: false, timeouts: {implicit: 0, pageLoad: 300000, script: 30000}, unhandledPromptBehavior: dismiss and notify}
Session ID: 366d1577-7dc4-4cbd-bcb0-70f4dae96da1
[2023-05-10 13:29:52,381]  -------------------------- PASSED -------------------------- 
[2023-05-10 13:29:52,409]  -------------------------- PASSED -------------------------- 
[2023-05-10 13:29:52,438]  -------------------------- PASSED -------------------------- 
[2023-05-10 13:29:52,466]  -------------------------- PASSED -------------------------- 
[2023-05-10 13:29:52,498]  -------------------------- PASSED -------------------------- 
[2023-05-10 13:29:53,491]  -------------------------- PASSED -------------------------- 
[2023-05-10 13:29:54,334] OS name = Windows 10
[2023-05-10 13:29:54,335] Driver instance name = firefoxdriver: firefox on windows (3a7d6496-8764-40f1-bca6-c5092cfad999)
[2023-05-10 13:29:54,338] Tried to run command without establishing a connection
Build info: version: '3.141.59', revision: 'e82be7d358', time: '2018-11-14T08:25:53'
System info: host: 'DESKTOP-KJ9K7OV', ip: '172.21.2.14', os.name: 'Windows 10', os.arch: 'amd64', os.version: '10.0', java.version: '11.0.14'
Driver info: org.openqa.selenium.firefox.FirefoxDriver
Capabilities {acceptInsecureCerts: true, browserName: firefox, browserVersion: 112.0.1, javascriptEnabled: true, moz:accessibilityChecks: false, moz:buildID: 20230414125621, moz:geckodriverVersion: 0.33.0, moz:headless: false, moz:platformVersion: 10.0, moz:processID: 15292, moz:profile: C:\Users\ASUS\AppData\Local..., moz:shutdownTimeout: 60000, moz:useNonSpecCompliantPointerOrigin: false, moz:webdriverClick: true, moz:windowless: false, pageLoadStrategy: normal, platform: WINDOWS, platformName: WINDOWS, proxy: Proxy(), setWindowRect: true, strictFileInteractability: false, timeouts: {implicit: 0, pageLoad: 300000, script: 30000}, unhandledPromptBehavior: dismiss and notify}
Session ID: 3a7d6496-8764-40f1-bca6-c5092cfad999
[2023-05-10 13:32:30,709]  -------------------------- PASSED -------------------------- 
[2023-05-10 13:32:30,739]  -------------------------- PASSED -------------------------- 
[2023-05-10 13:32:30,771]  -------------------------- PASSED -------------------------- 
[2023-05-10 13:32:30,808]  -------------------------- PASSED -------------------------- 
[2023-05-10 13:32:30,836]  -------------------------- PASSED -------------------------- 
[2023-05-10 13:32:31,809]  -------------------------- PASSED -------------------------- 
[2023-05-10 13:32:33,568] OS name = Windows 10
[2023-05-10 13:32:33,568] Driver instance name = firefoxdriver: firefox on windows (f60e20c6-f24a-42a7-82ba-9ee3e2fd7165)
[2023-05-10 13:32:33,572] Tried to run command without establishing a connection
Build info: version: '3.141.59', revision: 'e82be7d358', time: '2018-11-14T08:25:53'
System info: host: 'DESKTOP-KJ9K7OV', ip: '172.21.2.14', os.name: 'Windows 10', os.arch: 'amd64', os.version: '10.0', java.version: '11.0.14'
Driver info: org.openqa.selenium.firefox.FirefoxDriver
Capabilities {acceptInsecureCerts: true, browserName: firefox, browserVersion: 112.0.1, javascriptEnabled: true, moz:accessibilityChecks: false, moz:buildID: 20230414125621, moz:geckodriverVersion: 0.33.0, moz:headless: false, moz:platformVersion: 10.0, moz:processID: 13912, moz:profile: C:\Users\ASUS\AppData\Local..., moz:shutdownTimeout: 60000, moz:useNonSpecCompliantPointerOrigin: false, moz:webdriverClick: true, moz:windowless: false, pageLoadStrategy: normal, platform: WINDOWS, platformName: WINDOWS, proxy: Proxy(), setWindowRect: true, strictFileInteractability: false, timeouts: {implicit: 0, pageLoad: 300000, script: 30000}, unhandledPromptBehavior: dismiss and notify}
Session ID: f60e20c6-f24a-42a7-82ba-9ee3e2fd7165
[2023-05-10 16:36:54,177]  -------------------------- PASSED -------------------------- 
[2023-05-10 16:36:54,255]  -------------------------- PASSED -------------------------- 
[2023-05-10 16:36:54,287]  -------------------------- PASSED -------------------------- 
[2023-05-10 16:36:54,319]  -------------------------- PASSED -------------------------- 
[2023-05-10 16:36:54,346]  -------------------------- PASSED -------------------------- 
[2023-05-10 16:36:55,910]  -------------------------- PASSED -------------------------- 
[2023-05-10 16:36:57,058] OS name = Windows 10
[2023-05-10 16:36:57,058] Driver instance name = firefoxdriver: firefox on windows (3fa39c7c-1c95-42a3-b8e5-bcec8c67e940)
[2023-05-10 16:36:57,062] Tried to run command without establishing a connection
Build info: version: '3.141.59', revision: 'e82be7d358', time: '2018-11-14T08:25:53'
System info: host: 'DESKTOP-KJ9K7OV', ip: '172.21.2.14', os.name: 'Windows 10', os.arch: 'amd64', os.version: '10.0', java.version: '11.0.14'
Driver info: org.openqa.selenium.firefox.FirefoxDriver
Capabilities {acceptInsecureCerts: true, browserName: firefox, browserVersion: 112.0.1, javascriptEnabled: true, moz:accessibilityChecks: false, moz:buildID: 20230414125621, moz:geckodriverVersion: 0.33.0, moz:headless: false, moz:platformVersion: 10.0, moz:processID: 1976, moz:profile: C:\Users\ASUS\AppData\Local..., moz:shutdownTimeout: 60000, moz:useNonSpecCompliantPointerOrigin: false, moz:webdriverClick: true, moz:windowless: false, pageLoadStrategy: normal, platform: WINDOWS, platformName: WINDOWS, proxy: Proxy(), setWindowRect: true, strictFileInteractability: false, timeouts: {implicit: 0, pageLoad: 300000, script: 30000}, unhandledPromptBehavior: dismiss and notify}
Session ID: 3fa39c7c-1c95-42a3-b8e5-bcec8c67e940
[2023-05-10 17:55:17,069]  -------------------------- PASSED -------------------------- 
[2023-05-10 17:55:17,101]  -------------------------- PASSED -------------------------- 
[2023-05-10 17:55:17,126]  -------------------------- PASSED -------------------------- 
[2023-05-10 17:55:17,162]  -------------------------- PASSED -------------------------- 
[2023-05-10 17:55:17,194]  -------------------------- PASSED -------------------------- 
[2023-05-10 17:55:18,698]  -------------------------- PASSED -------------------------- 
[2023-05-10 17:55:20,574]  -------------------------- PASSED -------------------------- 
[2023-05-10 17:55:21,584]  -------------------------- PASSED -------------------------- 
[2023-05-10 17:55:22,474]  -------------------------- PASSED -------------------------- 
[2023-05-10 17:55:23,942]  -------------------------- PASSED -------------------------- 
[2023-05-10 17:55:23,944] OS name = Windows 10
[2023-05-10 17:55:23,944] Driver instance name = firefoxdriver: firefox on windows (0da2ba7a-1733-4858-9963-dec24961a775)
[2023-06-11 17:50:32,341]  -------------------------- PASSED -------------------------- 
[2023-06-11 17:50:32,398]  -------------------------- PASSED -------------------------- 
[2023-06-11 17:50:32,426]  -------------------------- PASSED -------------------------- 
[2023-06-11 17:50:32,456]  -------------------------- PASSED -------------------------- 
[2023-06-11 17:50:32,483]  -------------------------- PASSED -------------------------- 
[2023-06-11 17:50:33,633]  -------------------------- PASSED -------------------------- 
[2023-06-11 17:50:35,010]  -------------------------- PASSED -------------------------- 
[2023-06-11 17:50:36,060]  -------------------------- PASSED -------------------------- 
[2023-06-11 17:50:36,968]  -------------------------- PASSED -------------------------- 
[2023-06-11 17:50:38,380]  -------------------------- PASSED -------------------------- 
[2023-06-11 17:50:38,383] OS name = Windows 10
[2023-06-11 17:50:38,383] Driver instance name = firefoxdriver: firefox on windows (0e77a695-c260-4a61-9b5d-7f1331994f3c)
[2023-06-11 18:03:12,292]  -------------------------- PASSED -------------------------- 
[2023-06-11 18:03:12,373]  -------------------------- PASSED -------------------------- 
[2023-06-11 18:03:12,418]  -------------------------- PASSED -------------------------- 
[2023-06-11 18:03:12,463]  -------------------------- PASSED -------------------------- 
[2023-06-11 18:03:12,506]  -------------------------- PASSED -------------------------- 
[2023-06-11 18:03:13,811]  -------------------------- PASSED -------------------------- 
[2023-06-11 18:03:15,526]  -------------------------- PASSED -------------------------- 
[2023-06-11 18:03:16,914]  -------------------------- PASSED -------------------------- 
[2023-06-11 18:03:18,024]  -------------------------- PASSED -------------------------- 
[2023-06-11 18:03:19,320]  -------------------------- PASSED -------------------------- 
[2023-06-11 18:04:48,304]  -------------------------- PASSED -------------------------- 
[2023-06-11 18:04:48,352]  -------------------------- PASSED -------------------------- 
[2023-06-11 18:04:48,396]  -------------------------- PASSED -------------------------- 
[2023-06-11 18:04:48,446]  -------------------------- PASSED -------------------------- 
[2023-06-11 18:04:48,491]  -------------------------- PASSED -------------------------- 
[2023-06-11 18:04:49,710]  -------------------------- PASSED -------------------------- 
[2023-06-11 18:04:51,443]  -------------------------- PASSED -------------------------- 
[2023-06-11 18:04:52,969]  -------------------------- PASSED -------------------------- 
[2023-06-11 18:04:54,208]  -------------------------- PASSED -------------------------- 
[2023-06-11 18:04:55,488]  -------------------------- PASSED -------------------------- 
[2023-06-11 18:11:11,847]  -------------------------- PASSED -------------------------- 
[2023-06-11 18:11:11,886]  -------------------------- PASSED -------------------------- 
[2023-06-11 18:11:11,917]  -------------------------- PASSED -------------------------- 
[2023-06-11 18:11:11,957]  -------------------------- PASSED -------------------------- 
[2023-06-11 18:11:11,990]  -------------------------- PASSED -------------------------- 
[2023-06-11 18:11:13,048]  -------------------------- PASSED -------------------------- 
[2023-06-11 18:11:14,512]  -------------------------- PASSED -------------------------- 
[2023-06-11 18:11:16,148]  -------------------------- PASSED -------------------------- 
[2023-06-11 18:11:17,080]  -------------------------- PASSED -------------------------- 
[2023-06-11 18:11:18,565]  -------------------------- PASSED -------------------------- 
[2023-06-12 23:37:22,305]  -------------------------- PASSED -------------------------- 
[2023-06-12 23:37:22,365]  -------------------------- PASSED -------------------------- 
[2023-06-12 23:37:22,395]  -------------------------- PASSED -------------------------- 
[2023-06-12 23:37:22,424]  -------------------------- PASSED -------------------------- 
[2023-06-12 23:37:22,447]  -------------------------- PASSED -------------------------- 
[2023-06-12 23:37:23,386]  -------------------------- PASSED -------------------------- 
[2023-06-12 23:37:24,756]  -------------------------- PASSED -------------------------- 
[2023-06-12 23:37:25,894]  -------------------------- PASSED -------------------------- 
[2023-06-12 23:37:26,771]  -------------------------- PASSED -------------------------- 
[2023-06-12 23:37:28,183]  -------------------------- PASSED -------------------------- 
[2023-06-12 23:41:02,973]  -------------------------- PASSED -------------------------- 
[2023-06-12 23:41:03,022]  -------------------------- PASSED -------------------------- 
[2023-06-12 23:41:03,067]  -------------------------- PASSED -------------------------- 
[2023-06-12 23:41:03,109]  -------------------------- PASSED -------------------------- 
[2023-06-12 23:41:03,156]  -------------------------- PASSED -------------------------- 
[2023-06-12 23:41:04,423]  -------------------------- PASSED -------------------------- 
[2023-06-12 23:41:06,295]  -------------------------- PASSED -------------------------- 
[2023-06-12 23:41:07,808]  -------------------------- PASSED -------------------------- 
[2023-06-12 23:41:08,892]  -------------------------- PASSED -------------------------- 
[2023-06-12 23:41:09,995]  -------------------------- PASSED -------------------------- 
[2023-06-12 23:41:09,997] OS name = Windows 10
[2023-06-12 23:41:09,997] Driver instance name = chromedriver: chrome on windows (a01dbe1adbf2f2bf8c4b14a53a8cb31b)
[2023-06-12 23:52:23,846]  -------------------------- PASSED -------------------------- 
[2023-06-12 23:52:23,893]  -------------------------- PASSED -------------------------- 
[2023-06-12 23:52:23,940]  -------------------------- PASSED -------------------------- 
[2023-06-12 23:52:23,984]  -------------------------- PASSED -------------------------- 
[2023-06-12 23:52:24,026]  -------------------------- PASSED -------------------------- 
[2023-06-12 23:52:25,717]  -------------------------- PASSED -------------------------- 
[2023-06-12 23:52:27,429]  -------------------------- PASSED -------------------------- 
[2023-06-12 23:52:28,809]  -------------------------- PASSED -------------------------- 
[2023-06-12 23:52:29,849]  -------------------------- PASSED -------------------------- 
[2023-06-12 23:52:30,977]  -------------------------- PASSED -------------------------- 
[2023-06-12 23:52:30,979] OS name = Windows 10
[2023-06-12 23:52:30,979] Driver instance name = chromedriver: chrome on windows (f075f931a1dbffafea974dc3f4ebe07d)
[2023-06-12 23:55:58,921]  -------------------------- PASSED -------------------------- 
[2023-06-12 23:55:58,967]  -------------------------- PASSED -------------------------- 
[2023-06-12 23:55:59,013]  -------------------------- PASSED -------------------------- 
[2023-06-12 23:55:59,056]  -------------------------- PASSED -------------------------- 
[2023-06-12 23:55:59,099]  -------------------------- PASSED -------------------------- 
[2023-06-12 23:56:00,216]  -------------------------- PASSED -------------------------- 
[2023-06-12 23:56:01,973]  -------------------------- PASSED -------------------------- 
[2023-06-12 23:56:03,352]  -------------------------- PASSED -------------------------- 
[2023-06-12 23:56:04,425]  -------------------------- PASSED -------------------------- 
[2023-06-12 23:56:05,510]  -------------------------- PASSED -------------------------- 
[2023-06-12 23:56:05,512] OS name = Windows 10
[2023-06-12 23:56:05,512] Driver instance name = chromedriver: chrome on windows (86eb861c94c4c19994eec4991964b921)
[2023-06-25 13:47:55,242]  -------------------------- PASSED -------------------------- 
[2023-06-25 13:47:55,324]  -------------------------- PASSED -------------------------- 
[2023-06-25 13:47:55,388]  -------------------------- PASSED -------------------------- 
[2023-06-25 13:47:55,447]  -------------------------- PASSED -------------------------- 
[2023-06-25 13:47:55,506]  -------------------------- PASSED -------------------------- 
[2023-06-25 13:47:57,147]  -------------------------- PASSED -------------------------- 
[2023-06-25 13:47:59,293]  -------------------------- PASSED -------------------------- 
[2023-06-25 13:48:01,004]  -------------------------- PASSED -------------------------- 
[2023-06-25 13:48:02,355]  -------------------------- PASSED -------------------------- 
[2023-06-25 13:48:03,952]  -------------------------- PASSED -------------------------- 
[2023-06-25 13:48:03,957] OS name = Windows 10
[2023-06-25 13:48:03,957] Driver instance name = chromedriver: chrome on windows (51d31798ceca4bd7b3ad14407040a59a)
